[0.021s] Invoking command in '/home/peter-parker/orb-slam3-root/ROS2_ORB_SLAM3/src/orbslam3_ros2/build/orbslam3': CMAKE_PREFIX_PATH=${CMAKE_PREFIX_PATH}:/opt/ros/jazzy DEBUGINFOD_URLS=https://debuginfod.ubuntu.com /usr/bin/cmake --build /home/peter-parker/orb-slam3-root/ROS2_ORB_SLAM3/src/orbslam3_ros2/build/orbslam3 -- -j4 -l4
[0.072s] -- Found ament_cmake: 2.5.4 (/opt/ros/jazzy/share/ament_cmake/cmake)
[0.540s] -- Found rclcpp: 28.1.13 (/opt/ros/jazzy/share/rclcpp/cmake)
[0.607s] -- Found rosidl_generator_c: 4.6.6 (/opt/ros/jazzy/share/rosidl_generator_c/cmake)
[0.629s] -- Found rosidl_generator_cpp: 4.6.6 (/opt/ros/jazzy/share/rosidl_generator_cpp/cmake)
[0.653s] -- Using all available rosidl_typesupport_c: rosidl_typesupport_fastrtps_c;rosidl_typesupport_introspection_c
[0.682s] -- Using all available rosidl_typesupport_cpp: rosidl_typesupport_fastrtps_cpp;rosidl_typesupport_introspection_cpp
[0.814s] -- Found rmw_implementation_cmake: 7.3.2 (/opt/ros/jazzy/share/rmw_implementation_cmake/cmake)
[0.818s] -- Found rmw_fastrtps_cpp: 8.4.3 (/opt/ros/jazzy/share/rmw_fastrtps_cpp/cmake)
[0.957s] -- Using RMW implementation 'rmw_fastrtps_cpp' as default
[1.102s] -- Found sensor_msgs: 5.3.6 (/opt/ros/jazzy/share/sensor_msgs/cmake)
[1.224s] -- Found cv_bridge: 4.1.0 (/opt/ros/jazzy/share/cv_bridge/cmake)
[1.247s] -- Found message_filters: 4.11.9 (/opt/ros/jazzy/share/message_filters/cmake)
[1.282s] -- Found nav_msgs: 5.3.6 (/opt/ros/jazzy/share/nav_msgs/cmake)
[1.339s] -- Found std_srvs: 5.3.6 (/opt/ros/jazzy/share/std_srvs/cmake)
[1.392s] [31mCMake Error at /opt/ros/jazzy/share/ament_cmake_target_dependencies/cmake/ament_target_dependencies.cmake:77 (message):
[1.393s]   ament_target_dependencies() the passed package name 'tf2_ros' was not found
[1.393s]   before
[1.393s] Call Stack (most recent call first):
[1.393s]   CMakeLists.txt:60 (ament_target_dependencies)
[1.394s] 
[1.394s] [0m
[1.395s] -- Configuring incomplete, errors occurred!
[1.413s] gmake: *** [Makefile:498: cmake_check_build_system] Error 1
[1.421s] Invoked command in '/home/peter-parker/orb-slam3-root/ROS2_ORB_SLAM3/src/orbslam3_ros2/build/orbslam3' returned '2': CMAKE_PREFIX_PATH=${CMAKE_PREFIX_PATH}:/opt/ros/jazzy DEBUGINFOD_URLS=https://debuginfod.ubuntu.com /usr/bin/cmake --build /home/peter-parker/orb-slam3-root/ROS2_ORB_SLAM3/src/orbslam3_ros2/build/orbslam3 -- -j4 -l4
