[01m[K/home/peter-parker/orb-slam3-root/ROS2_ORB_SLAM3/src/orbslam3_ros2/src/nodes/slam-node-base.cpp:1:10:[m[K [01;31m[Kfatal error: [m[Kslam-node-base.hpp: No such file or directory
    1 | #include [01;31m[K"slam-node-base.hpp"[m[K
      |          [01;31m[K^~~~~~~~~~~~~~~~~~~~[m[K
compilation terminated.
gmake[2]: *** [CMakeFiles/stereo.dir/build.make:104: CMakeFiles/stereo.dir/src/nodes/slam-node-base.cpp.o] Error 1
gmake[1]: *** [CMakeFiles/Makefile2:195: CMakeFiles/stereo.dir/all] Error 2
gmake[1]: *** Waiting for unfinished jobs....
[01m[K/home/peter-parker/orb-slam3-root/ROS2_ORB_SLAM3/src/orbslam3_ros2/src/nodes/slam-node-base.cpp:1:10:[m[K [01;31m[Kfatal error: [m[Kslam-node-base.hpp: No such file or directory
    1 | #include [01;31m[K"slam-node-base.hpp"[m[K
      |          [01;31m[K^~~~~~~~~~~~~~~~~~~~[m[K
compilation terminated.
[01m[K/home/peter-parker/orb-slam3-root/ROS2_ORB_SLAM3/src/orbslam3_ros2/src/nodes/slam-node-base.cpp:1:10:[m[K [01;31m[Kfatal error: [m[Kslam-node-base.hpp: No such file or directory
    1 | #include [01;31m[K"slam-node-base.hpp"[m[K
      |          [01;31m[K^~~~~~~~~~~~~~~~~~~~[m[K
compilation terminated.
gmake[2]: *** [CMakeFiles/rgbd.dir/build.make:104: CMakeFiles/rgbd.dir/src/nodes/slam-node-base.cpp.o] Error 1
gmake[1]: *** [CMakeFiles/Makefile2:169: CMakeFiles/rgbd.dir/all] Error 2
gmake[2]: *** [CMakeFiles/stereo-inertial.dir/build.make:104: CMakeFiles/stereo-inertial.dir/src/nodes/slam-node-base.cpp.o] Error 1
gmake[1]: *** [CMakeFiles/Makefile2:221: CMakeFiles/stereo-inertial.dir/all] Error 2
gmake: *** [Makefile:146: all] Error 2
