[0.009s] Invoking command in '/home/peter-parker/orb-slam3-root/ROS2_ORB_SLAM3/src/orbslam3_ros2/build/orbslam3': CMAKE_PREFIX_PATH=${CMAKE_PREFIX_PATH}:/opt/ros/jazzy DEBUGINFOD_URLS=https://debuginfod.ubuntu.com /usr/bin/cmake --build /home/peter-parker/orb-slam3-root/ROS2_ORB_SLAM3/src/orbslam3_ros2/build/orbslam3 -- -j4 -l4
[0.031s] -- Found ament_cmake: 2.5.4 (/opt/ros/jazzy/share/ament_cmake/cmake)
[0.199s] -- Found rclcpp: 28.1.13 (/opt/ros/jazzy/share/rclcpp/cmake)
[0.225s] -- Found rosidl_generator_c: 4.6.6 (/opt/ros/jazzy/share/rosidl_generator_c/cmake)
[0.231s] -- Found rosidl_generator_cpp: 4.6.6 (/opt/ros/jazzy/share/rosidl_generator_cpp/cmake)
[0.240s] -- Using all available rosidl_typesupport_c: rosidl_typesupport_fastrtps_c;rosidl_typesupport_introspection_c
[0.251s] -- Using all available rosidl_typesupport_cpp: rosidl_typesupport_fastrtps_cpp;rosidl_typesupport_introspection_cpp
[0.298s] -- Found rmw_implementation_cmake: 7.3.2 (/opt/ros/jazzy/share/rmw_implementation_cmake/cmake)
[0.299s] -- Found rmw_fastrtps_cpp: 8.4.3 (/opt/ros/jazzy/share/rmw_fastrtps_cpp/cmake)
[0.374s] -- Using RMW implementation 'rmw_fastrtps_cpp' as default
[0.427s] -- Found sensor_msgs: 5.3.6 (/opt/ros/jazzy/share/sensor_msgs/cmake)
[0.481s] -- Found cv_bridge: 4.1.0 (/opt/ros/jazzy/share/cv_bridge/cmake)
[0.488s] -- Found message_filters: 4.11.9 (/opt/ros/jazzy/share/message_filters/cmake)
[0.501s] -- Found nav_msgs: 5.3.6 (/opt/ros/jazzy/share/nav_msgs/cmake)
[0.525s] -- Found std_srvs: 5.3.6 (/opt/ros/jazzy/share/std_srvs/cmake)
[0.537s] -- Found tf2_ros: 0.36.16 (/opt/ros/jazzy/share/tf2_ros/cmake)
[0.710s] -- Configuring done (0.7s)
[0.752s] -- Generating done (0.0s)
[0.764s] -- Build files have been written to: /home/peter-parker/orb-slam3-root/ROS2_ORB_SLAM3/src/orbslam3_ros2/build/orbslam3
[0.844s] [  6%] [32mBuilding CXX object CMakeFiles/stereo.dir/src/nodes/slam-node-base.cpp.o[0m
[0.863s] [01m[K/home/peter-parker/orb-slam3-root/ROS2_ORB_SLAM3/src/orbslam3_ros2/src/nodes/slam-node-base.cpp:1:10:[m[K [01;31m[Kfatal error: [m[Kslam-node-base.hpp: No such file or directory
[0.863s]     1 | #include [01;31m[K"slam-node-base.hpp"[m[K
[0.863s]       |          [01;31m[K^~~~~~~~~~~~~~~~~~~~[m[K
[0.863s] compilation terminated.
[0.864s] [ 26%] Built target mono
[0.864s] gmake[2]: *** [CMakeFiles/stereo.dir/build.make:104: CMakeFiles/stereo.dir/src/nodes/slam-node-base.cpp.o] Error 1
[0.864s] gmake[1]: *** [CMakeFiles/Makefile2:195: CMakeFiles/stereo.dir/all] Error 2
[0.865s] gmake[1]: *** Waiting for unfinished jobs....
[0.874s] [ 33%] [32mBuilding CXX object CMakeFiles/rgbd.dir/src/nodes/slam-node-base.cpp.o[0m
[0.875s] [ 40%] [32mBuilding CXX object CMakeFiles/stereo-inertial.dir/src/nodes/slam-node-base.cpp.o[0m
[0.884s] [01m[K/home/peter-parker/orb-slam3-root/ROS2_ORB_SLAM3/src/orbslam3_ros2/src/nodes/slam-node-base.cpp:1:10:[m[K [01;31m[Kfatal error: [m[Kslam-node-base.hpp: No such file or directory
[0.884s]     1 | #include [01;31m[K"slam-node-base.hpp"[m[K
[0.884s]       |          [01;31m[K^~~~~~~~~~~~~~~~~~~~[m[K
[0.884s] compilation terminated.
[0.884s] [01m[K/home/peter-parker/orb-slam3-root/ROS2_ORB_SLAM3/src/orbslam3_ros2/src/nodes/slam-node-base.cpp:1:10:[m[K [01;31m[Kfatal error: [m[Kslam-node-base.hpp: No such file or directory
[0.884s]     1 | #include [01;31m[K"slam-node-base.hpp"[m[K
[0.885s]       |          [01;31m[K^~~~~~~~~~~~~~~~~~~~[m[K
[0.885s] compilation terminated.
[0.885s] gmake[2]: *** [CMakeFiles/rgbd.dir/build.make:104: CMakeFiles/rgbd.dir/src/nodes/slam-node-base.cpp.o] Error 1
[0.885s] gmake[1]: *** [CMakeFiles/Makefile2:169: CMakeFiles/rgbd.dir/all] Error 2
[0.885s] gmake[2]: *** [CMakeFiles/stereo-inertial.dir/build.make:104: CMakeFiles/stereo-inertial.dir/src/nodes/slam-node-base.cpp.o] Error 1
[0.885s] gmake[1]: *** [CMakeFiles/Makefile2:221: CMakeFiles/stereo-inertial.dir/all] Error 2
[0.885s] gmake: *** [Makefile:146: all] Error 2
[0.889s] Invoked command in '/home/peter-parker/orb-slam3-root/ROS2_ORB_SLAM3/src/orbslam3_ros2/build/orbslam3' returned '2': CMAKE_PREFIX_PATH=${CMAKE_PREFIX_PATH}:/opt/ros/jazzy DEBUGINFOD_URLS=https://debuginfod.ubuntu.com /usr/bin/cmake --build /home/peter-parker/orb-slam3-root/ROS2_ORB_SLAM3/src/orbslam3_ros2/build/orbslam3 -- -j4 -l4
