[ 20%] Built target mono
[ 26%] [32mBuilding CXX object CMakeFiles/stereo-inertial.dir/src/stereo-inertial/stereo-inertial-node.cpp.o[0m
[ 33%] [32mBuilding CXX object CMakeFiles/stereo-inertial.dir/src/nodes/slam-node-base.cpp.o[0m
[ 40%] [32m[1mLinking CXX executable stereo-inertial[0m
[ 46%] Built target stereo-inertial
[ 53%] [32mBuilding CXX object CMakeFiles/stereo.dir/src/stereo/stereo-slam-node.cpp.o[0m
[ 60%] [32mBuilding CXX object CMakeFiles/stereo.dir/src/nodes/slam-node-base.cpp.o[0m
[ 66%] [32mBuilding CXX object CMakeFiles/rgbd.dir/src/rgbd/rgbd-slam-node.cpp.o[0m
[ 73%] [32mBuilding CXX object CMakeFiles/rgbd.dir/src/nodes/slam-node-base.cpp.o[0m
[ 80%] [32m[1mLinking CXX executable rgbd[0m
[ 86%] Built target rgbd
[ 93%] [32m[1mLinking CXX executable stereo[0m
[100%] Built target stereo
-- Install configuration: "Release"
-- Installing: /home/peter-parker/orb-slam3-root/ROS2_ORB_SLAM3/src/orbslam3_ros2/install/orbslam3/lib/orbslam3/mono
-- Set non-toolchain portion of runtime path of "/home/peter-parker/orb-slam3-root/ROS2_ORB_SLAM3/src/orbslam3_ros2/install/orbslam3/lib/orbslam3/mono" to ""
-- Installing: /home/peter-parker/orb-slam3-root/ROS2_ORB_SLAM3/src/orbslam3_ros2/install/orbslam3/lib/orbslam3/rgbd
-- Set non-toolchain portion of runtime path of "/home/peter-parker/orb-slam3-root/ROS2_ORB_SLAM3/src/orbslam3_ros2/install/orbslam3/lib/orbslam3/rgbd" to ""
-- Installing: /home/peter-parker/orb-slam3-root/ROS2_ORB_SLAM3/src/orbslam3_ros2/install/orbslam3/lib/orbslam3/stereo
-- Set non-toolchain portion of runtime path of "/home/peter-parker/orb-slam3-root/ROS2_ORB_SLAM3/src/orbslam3_ros2/install/orbslam3/lib/orbslam3/stereo" to ""
-- Installing: /home/peter-parker/orb-slam3-root/ROS2_ORB_SLAM3/src/orbslam3_ros2/install/orbslam3/lib/orbslam3/stereo-inertial
-- Set non-toolchain portion of runtime path of "/home/peter-parker/orb-slam3-root/ROS2_ORB_SLAM3/src/orbslam3_ros2/install/orbslam3/lib/orbslam3/stereo-inertial" to ""
-- Up-to-date: /home/peter-parker/orb-slam3-root/ROS2_ORB_SLAM3/src/orbslam3_ros2/install/orbslam3/share/ament_index/resource_index/package_run_dependencies/orbslam3
-- Up-to-date: /home/peter-parker/orb-slam3-root/ROS2_ORB_SLAM3/src/orbslam3_ros2/install/orbslam3/share/ament_index/resource_index/parent_prefix_path/orbslam3
-- Up-to-date: /home/peter-parker/orb-slam3-root/ROS2_ORB_SLAM3/src/orbslam3_ros2/install/orbslam3/share/orbslam3/environment/ament_prefix_path.sh
-- Up-to-date: /home/peter-parker/orb-slam3-root/ROS2_ORB_SLAM3/src/orbslam3_ros2/install/orbslam3/share/orbslam3/environment/ament_prefix_path.dsv
-- Up-to-date: /home/peter-parker/orb-slam3-root/ROS2_ORB_SLAM3/src/orbslam3_ros2/install/orbslam3/share/orbslam3/environment/path.sh
-- Up-to-date: /home/peter-parker/orb-slam3-root/ROS2_ORB_SLAM3/src/orbslam3_ros2/install/orbslam3/share/orbslam3/environment/path.dsv
-- Up-to-date: /home/peter-parker/orb-slam3-root/ROS2_ORB_SLAM3/src/orbslam3_ros2/install/orbslam3/share/orbslam3/local_setup.bash
-- Up-to-date: /home/peter-parker/orb-slam3-root/ROS2_ORB_SLAM3/src/orbslam3_ros2/install/orbslam3/share/orbslam3/local_setup.sh
-- Up-to-date: /home/peter-parker/orb-slam3-root/ROS2_ORB_SLAM3/src/orbslam3_ros2/install/orbslam3/share/orbslam3/local_setup.zsh
-- Up-to-date: /home/peter-parker/orb-slam3-root/ROS2_ORB_SLAM3/src/orbslam3_ros2/install/orbslam3/share/orbslam3/local_setup.dsv
-- Installing: /home/peter-parker/orb-slam3-root/ROS2_ORB_SLAM3/src/orbslam3_ros2/install/orbslam3/share/orbslam3/package.dsv
-- Up-to-date: /home/peter-parker/orb-slam3-root/ROS2_ORB_SLAM3/src/orbslam3_ros2/install/orbslam3/share/ament_index/resource_index/packages/orbslam3
-- Up-to-date: /home/peter-parker/orb-slam3-root/ROS2_ORB_SLAM3/src/orbslam3_ros2/install/orbslam3/share/orbslam3/cmake/orbslam3Config.cmake
-- Up-to-date: /home/peter-parker/orb-slam3-root/ROS2_ORB_SLAM3/src/orbslam3_ros2/install/orbslam3/share/orbslam3/cmake/orbslam3Config-version.cmake
-- Up-to-date: /home/peter-parker/orb-slam3-root/ROS2_ORB_SLAM3/src/orbslam3_ros2/install/orbslam3/share/orbslam3/package.xml
