[0.246s] DEBUG:colcon:Command line arguments: ['/usr/bin/colcon', 'build', '--packages-select', 'orbslam3', '--cmake-args', '-DCMAKE_BUILD_TYPE=Release']
[0.246s] DEBUG:colcon:Parsed command line arguments: Namespace(log_base=None, log_level=None, verb_name='build', build_base='build', install_base='install', merge_install=False, symlink_install=False, test_result_base=None, continue_on_error=False, executor='parallel', parallel_workers=4, event_handlers=None, ignore_user_meta=False, metas=['./colcon.meta'], base_paths=['.'], packages_ignore=None, packages_ignore_regex=None, paths=None, packages_up_to=None, packages_up_to_regex=None, packages_above=None, packages_above_and_dependencies=None, packages_above_depth=None, packages_select_by_dep=None, packages_skip_by_dep=None, packages_skip_up_to=None, packages_select_build_failed=False, packages_skip_build_finished=False, packages_select_test_failures=False, packages_skip_test_passed=False, packages_select=['orbslam3'], packages_skip=None, packages_select_regex=None, packages_skip_regex=None, packages_start=None, packages_end=None, allow_overriding=[], cmake_args=['-DCMAKE_BUILD_TYPE=Release'], cmake_target=None, cmake_target_skip_unavailable=False, cmake_clean_cache=False, cmake_clean_first=False, cmake_force_configure=False, ament_cmake_args=None, catkin_cmake_args=None, catkin_skip_building_tests=False, mixin_files=None, mixin=None, verb_parser=<colcon_mixin.mixin.mixin_argument.MixinArgumentDecorator object at 0x78e1d224d400>, verb_extension=<colcon_core.verb.build.BuildVerb object at 0x78e1d23c5100>, main=<bound method BuildVerb.main of <colcon_core.verb.build.BuildVerb object at 0x78e1d23c5100>>, mixin_verb=('build',))
[0.345s] Level 1:colcon.colcon_core.package_discovery:discover_packages(colcon_meta) check parameters
[0.346s] Level 1:colcon.colcon_core.package_discovery:discover_packages(recursive) check parameters
[0.346s] Level 1:colcon.colcon_core.package_discovery:discover_packages(ignore) check parameters
[0.346s] Level 1:colcon.colcon_core.package_discovery:discover_packages(path) check parameters
[0.346s] Level 1:colcon.colcon_core.package_discovery:discover_packages(colcon_meta) discover
[0.346s] Level 1:colcon.colcon_core.package_discovery:discover_packages(recursive) discover
[0.347s] INFO:colcon.colcon_core.package_discovery:Crawling recursively for packages in '/home/peter-parker/orb-slam3-root/ROS2_ORB_SLAM3/src/orbslam3_ros2'
[0.347s] Level 1:colcon.colcon_core.package_identification:_identify(.) by extensions ['ignore', 'ignore_ament_install']
[0.347s] Level 1:colcon.colcon_core.package_identification:_identify(.) by extension 'ignore'
[0.347s] Level 1:colcon.colcon_core.package_identification:_identify(.) by extension 'ignore_ament_install'
[0.347s] Level 1:colcon.colcon_core.package_identification:_identify(.) by extensions ['colcon_pkg']
[0.347s] Level 1:colcon.colcon_core.package_identification:_identify(.) by extension 'colcon_pkg'
[0.347s] Level 1:colcon.colcon_core.package_identification:_identify(.) by extensions ['colcon_meta']
[0.348s] Level 1:colcon.colcon_core.package_identification:_identify(.) by extension 'colcon_meta'
[0.348s] Level 1:colcon.colcon_core.package_identification:_identify(.) by extensions ['ros']
[0.348s] Level 1:colcon.colcon_core.package_identification:_identify(.) by extension 'ros'
[0.416s] DEBUG:colcon.colcon_core.package_identification:Package '.' with type 'ros.ament_cmake' and name 'orbslam3'
[0.416s] Level 1:colcon.colcon_core.package_discovery:discover_packages(recursive) using defaults
[0.417s] Level 1:colcon.colcon_core.package_discovery:discover_packages(ignore) discover
[0.417s] Level 1:colcon.colcon_core.package_discovery:discover_packages(ignore) using defaults
[0.417s] Level 1:colcon.colcon_core.package_discovery:discover_packages(path) discover
[0.417s] Level 1:colcon.colcon_core.package_discovery:discover_packages(path) using defaults
[0.460s] Level 1:colcon.colcon_core.package_discovery:discover_packages(prefix_path) check parameters
[0.460s] Level 1:colcon.colcon_core.package_discovery:discover_packages(prefix_path) discover
[0.465s] DEBUG:colcon.colcon_installed_package_information.package_discovery:Found 1 installed packages in /home/peter-parker/orb-slam3-root/ROS2_ORB_SLAM3/install
[0.468s] DEBUG:colcon.colcon_installed_package_information.package_discovery:Found 298 installed packages in /opt/ros/jazzy
[0.471s] Level 1:colcon.colcon_core.package_discovery:discover_packages(prefix_path) using defaults
[0.564s] Level 5:colcon.colcon_core.verb:set package 'orbslam3' build argument 'cmake_args' from command line to '['-DCMAKE_BUILD_TYPE=Release']'
[0.564s] Level 5:colcon.colcon_core.verb:set package 'orbslam3' build argument 'cmake_target' from command line to 'None'
[0.564s] Level 5:colcon.colcon_core.verb:set package 'orbslam3' build argument 'cmake_target_skip_unavailable' from command line to 'False'
[0.564s] Level 5:colcon.colcon_core.verb:set package 'orbslam3' build argument 'cmake_clean_cache' from command line to 'False'
[0.564s] Level 5:colcon.colcon_core.verb:set package 'orbslam3' build argument 'cmake_clean_first' from command line to 'False'
[0.564s] Level 5:colcon.colcon_core.verb:set package 'orbslam3' build argument 'cmake_force_configure' from command line to 'False'
[0.564s] Level 5:colcon.colcon_core.verb:set package 'orbslam3' build argument 'ament_cmake_args' from command line to 'None'
[0.564s] Level 5:colcon.colcon_core.verb:set package 'orbslam3' build argument 'catkin_cmake_args' from command line to 'None'
[0.564s] Level 5:colcon.colcon_core.verb:set package 'orbslam3' build argument 'catkin_skip_building_tests' from command line to 'False'
[0.565s] DEBUG:colcon.colcon_core.verb:Building package 'orbslam3' with the following arguments: {'ament_cmake_args': None, 'build_base': '/home/peter-parker/orb-slam3-root/ROS2_ORB_SLAM3/src/orbslam3_ros2/build/orbslam3', 'catkin_cmake_args': None, 'catkin_skip_building_tests': False, 'cmake_args': ['-DCMAKE_BUILD_TYPE=Release'], 'cmake_clean_cache': False, 'cmake_clean_first': False, 'cmake_force_configure': False, 'cmake_target': None, 'cmake_target_skip_unavailable': False, 'install_base': '/home/peter-parker/orb-slam3-root/ROS2_ORB_SLAM3/src/orbslam3_ros2/install/orbslam3', 'merge_install': False, 'path': '/home/peter-parker/orb-slam3-root/ROS2_ORB_SLAM3/src/orbslam3_ros2', 'symlink_install': False, 'test_result_base': None}
[0.565s] INFO:colcon.colcon_core.executor:Executing jobs using 'parallel' executor
[0.566s] DEBUG:colcon.colcon_parallel_executor.executor.parallel:run_until_complete
[0.567s] INFO:colcon.colcon_ros.task.ament_cmake.build:Building ROS package in '/home/peter-parker/orb-slam3-root/ROS2_ORB_SLAM3/src/orbslam3_ros2' with build type 'ament_cmake'
[0.567s] INFO:colcon.colcon_cmake.task.cmake.build:Building CMake package in '/home/peter-parker/orb-slam3-root/ROS2_ORB_SLAM3/src/orbslam3_ros2'
[0.574s] INFO:colcon.colcon_core.plugin_system:Skipping extension 'colcon_core.shell.bat': Not used on non-Windows systems
[0.574s] INFO:colcon.colcon_core.shell:Skip shell extension 'powershell' for command environment: Not usable outside of PowerShell
[0.575s] DEBUG:colcon.colcon_core.shell:Skip shell extension 'dsv' for command environment
[0.592s] DEBUG:colcon.colcon_core.event_handler.log_command:Invoking command in '/home/peter-parker/orb-slam3-root/ROS2_ORB_SLAM3/src/orbslam3_ros2/build/orbslam3': CMAKE_PREFIX_PATH=${CMAKE_PREFIX_PATH}:/opt/ros/jazzy DEBUGINFOD_URLS=https://debuginfod.ubuntu.com /usr/bin/cmake --build /home/peter-parker/orb-slam3-root/ROS2_ORB_SLAM3/src/orbslam3_ros2/build/orbslam3 -- -j4 -l4
[67.938s] DEBUG:colcon.colcon_core.event_handler.log_command:Invoked command in '/home/peter-parker/orb-slam3-root/ROS2_ORB_SLAM3/src/orbslam3_ros2/build/orbslam3' returned '2': CMAKE_PREFIX_PATH=${CMAKE_PREFIX_PATH}:/opt/ros/jazzy DEBUGINFOD_URLS=https://debuginfod.ubuntu.com /usr/bin/cmake --build /home/peter-parker/orb-slam3-root/ROS2_ORB_SLAM3/src/orbslam3_ros2/build/orbslam3 -- -j4 -l4
[67.940s] Level 1:colcon.colcon_core.environment:create_environment_scripts_only(orbslam3)
[67.948s] Level 1:colcon.colcon_core.environment:checking '/home/peter-parker/orb-slam3-root/ROS2_ORB_SLAM3/src/orbslam3_ros2/install/orbslam3' for CMake module files
[67.950s] Level 1:colcon.colcon_core.environment:checking '/home/peter-parker/orb-slam3-root/ROS2_ORB_SLAM3/src/orbslam3_ros2/install/orbslam3' for CMake config files
[67.952s] Level 1:colcon.colcon_core.environment:checking '/home/peter-parker/orb-slam3-root/ROS2_ORB_SLAM3/src/orbslam3_ros2/install/orbslam3/bin'
[67.952s] Level 1:colcon.colcon_core.environment:checking '/home/peter-parker/orb-slam3-root/ROS2_ORB_SLAM3/src/orbslam3_ros2/install/orbslam3/lib/pkgconfig/orbslam3.pc'
[67.953s] Level 1:colcon.colcon_core.environment:checking '/home/peter-parker/orb-slam3-root/ROS2_ORB_SLAM3/src/orbslam3_ros2/install/orbslam3/lib/python3.12/site-packages'
[67.955s] Level 1:colcon.colcon_core.environment:checking '/home/peter-parker/orb-slam3-root/ROS2_ORB_SLAM3/src/orbslam3_ros2/install/orbslam3/bin'
[67.956s] INFO:colcon.colcon_core.shell:Creating package script '/home/peter-parker/orb-slam3-root/ROS2_ORB_SLAM3/src/orbslam3_ros2/install/orbslam3/share/orbslam3/package.ps1'
[67.960s] INFO:colcon.colcon_core.shell:Creating package descriptor '/home/peter-parker/orb-slam3-root/ROS2_ORB_SLAM3/src/orbslam3_ros2/install/orbslam3/share/orbslam3/package.dsv'
[67.962s] INFO:colcon.colcon_core.shell:Creating package script '/home/peter-parker/orb-slam3-root/ROS2_ORB_SLAM3/src/orbslam3_ros2/install/orbslam3/share/orbslam3/package.sh'
[67.965s] INFO:colcon.colcon_core.shell:Creating package script '/home/peter-parker/orb-slam3-root/ROS2_ORB_SLAM3/src/orbslam3_ros2/install/orbslam3/share/orbslam3/package.bash'
[67.969s] INFO:colcon.colcon_core.shell:Creating package script '/home/peter-parker/orb-slam3-root/ROS2_ORB_SLAM3/src/orbslam3_ros2/install/orbslam3/share/orbslam3/package.zsh'
[67.971s] Level 1:colcon.colcon_core.environment:create_file_with_runtime_dependencies(/home/peter-parker/orb-slam3-root/ROS2_ORB_SLAM3/src/orbslam3_ros2/install/orbslam3/share/colcon-core/packages/orbslam3)
[67.983s] DEBUG:colcon.colcon_parallel_executor.executor.parallel:closing loop
[67.984s] DEBUG:colcon.colcon_parallel_executor.executor.parallel:loop closed
[67.984s] DEBUG:colcon.colcon_parallel_executor.executor.parallel:run_until_complete finished with '2'
[67.984s] DEBUG:colcon.colcon_core.event_reactor:joining thread
[68.044s] INFO:colcon.colcon_core.plugin_system:Skipping extension 'colcon_notification.desktop_notification.terminal_notifier': Not used on non-Darwin systems
[68.044s] INFO:colcon.colcon_core.plugin_system:Skipping extension 'colcon_notification.desktop_notification.win32': Not used on non-Windows systems
[68.044s] INFO:colcon.colcon_notification.desktop_notification:Sending desktop notification using 'notify2'
[68.098s] DEBUG:colcon.colcon_core.event_reactor:joined thread
[68.099s] INFO:colcon.colcon_core.shell:Creating prefix script '/home/peter-parker/orb-slam3-root/ROS2_ORB_SLAM3/src/orbslam3_ros2/install/local_setup.ps1'
[68.102s] INFO:colcon.colcon_core.shell:Creating prefix util module '/home/peter-parker/orb-slam3-root/ROS2_ORB_SLAM3/src/orbslam3_ros2/install/_local_setup_util_ps1.py'
[68.106s] INFO:colcon.colcon_core.shell:Creating prefix chain script '/home/peter-parker/orb-slam3-root/ROS2_ORB_SLAM3/src/orbslam3_ros2/install/setup.ps1'
[68.110s] INFO:colcon.colcon_core.shell:Creating prefix script '/home/peter-parker/orb-slam3-root/ROS2_ORB_SLAM3/src/orbslam3_ros2/install/local_setup.sh'
[68.112s] INFO:colcon.colcon_core.shell:Creating prefix util module '/home/peter-parker/orb-slam3-root/ROS2_ORB_SLAM3/src/orbslam3_ros2/install/_local_setup_util_sh.py'
[68.114s] INFO:colcon.colcon_core.shell:Creating prefix chain script '/home/peter-parker/orb-slam3-root/ROS2_ORB_SLAM3/src/orbslam3_ros2/install/setup.sh'
[68.117s] INFO:colcon.colcon_core.shell:Creating prefix script '/home/peter-parker/orb-slam3-root/ROS2_ORB_SLAM3/src/orbslam3_ros2/install/local_setup.bash'
[68.119s] INFO:colcon.colcon_core.shell:Creating prefix chain script '/home/peter-parker/orb-slam3-root/ROS2_ORB_SLAM3/src/orbslam3_ros2/install/setup.bash'
[68.122s] INFO:colcon.colcon_core.shell:Creating prefix script '/home/peter-parker/orb-slam3-root/ROS2_ORB_SLAM3/src/orbslam3_ros2/install/local_setup.zsh'
[68.123s] INFO:colcon.colcon_core.shell:Creating prefix chain script '/home/peter-parker/orb-slam3-root/ROS2_ORB_SLAM3/src/orbslam3_ros2/install/setup.zsh'
