In file included from [01m[K/home/peter-parker/orb-slam3-root/ROS2_ORB_SLAM3/src/orbslam3_ros2/src/rgbd/rgbd-slam-node.cpp:1[m[K:
[01m[K/home/peter-parker/orb-slam3-root/ROS2_ORB_SLAM3/src/orbslam3_ros2/src/rgbd/rgbd-slam-node.hpp:4:10:[m[K [01;31m[Kfatal error: [m[Kslam-node-base.hpp: No such file or directory
    4 | #include [01;31m[K"slam-node-base.hpp"[m[K
      |          [01;31m[K^~~~~~~~~~~~~~~~~~~~[m[K
compilation terminated.
gmake[2]: *** [CMakeFiles/rgbd.dir/build.make:90: CMakeFiles/rgbd.dir/src/rgbd/rgbd-slam-node.cpp.o] Error 1
gmake[2]: *** Waiting for unfinished jobs....
In file included from [01m[K/home/peter-parker/orb-slam3-root/ROS2_ORB_SLAM3/src/orbslam3_ros2/src/stereo-inertial/stereo-inertial-node.cpp:1[m[K:
[01m[K/home/peter-parker/orb-slam3-root/ROS2_ORB_SLAM3/src/orbslam3_ros2/src/stereo-inertial/stereo-inertial-node.hpp:4:10:[m[K [01;31m[Kfatal error: [m[Kslam-node-base.hpp: No such file or directory
    4 | #include [01;31m[K"slam-node-base.hpp"[m[K
      |          [01;31m[K^~~~~~~~~~~~~~~~~~~~[m[K
compilation terminated.
gmake[2]: *** [CMakeFiles/stereo-inertial.dir/build.make:90: CMakeFiles/stereo-inertial.dir/src/stereo-inertial/stereo-inertial-node.cpp.o] Error 1
gmake[2]: *** Waiting for unfinished jobs....
In file included from [01m[K/home/peter-parker/orb-slam3-root/ROS2_ORB_SLAM3/src/orbslam3_ros2/src/stereo/stereo-slam-node.cpp:1[m[K:
[01m[K/home/peter-parker/orb-slam3-root/ROS2_ORB_SLAM3/src/orbslam3_ros2/src/stereo/stereo-slam-node.hpp:3:10:[m[K [01;31m[Kfatal error: [m[Kslam-node-base.hpp: No such file or directory
    3 | #include [01;31m[K"slam-node-base.hpp"[m[K
      |          [01;31m[K^~~~~~~~~~~~~~~~~~~~[m[K
compilation terminated.
gmake[2]: *** [CMakeFiles/stereo.dir/build.make:90: CMakeFiles/stereo.dir/src/stereo/stereo-slam-node.cpp.o] Error 1
gmake[2]: *** Waiting for unfinished jobs....
In file included from [01m[K/home/peter-parker/orb-slam3-root/ROS2_ORB_SLAM3/src/orbslam3_ros2/src/rgbd/rgbd.cpp:7[m[K:
[01m[K/home/peter-parker/orb-slam3-root/ROS2_ORB_SLAM3/src/orbslam3_ros2/src/rgbd/rgbd-slam-node.hpp:4:10:[m[K [01;31m[Kfatal error: [m[Kslam-node-base.hpp: No such file or directory
    4 | #include [01;31m[K"slam-node-base.hpp"[m[K
      |          [01;31m[K^~~~~~~~~~~~~~~~~~~~[m[K
compilation terminated.
gmake[2]: *** [CMakeFiles/rgbd.dir/build.make:76: CMakeFiles/rgbd.dir/src/rgbd/rgbd.cpp.o] Error 1
gmake[1]: *** [CMakeFiles/Makefile2:169: CMakeFiles/rgbd.dir/all] Error 2
gmake[1]: *** Waiting for unfinished jobs....
In file included from [01m[K/home/peter-parker/orb-slam3-root/ROS2_ORB_SLAM3/src/orbslam3_ros2/src/stereo-inertial/stereo-inertial.cpp:7[m[K:
[01m[K/home/peter-parker/orb-slam3-root/ROS2_ORB_SLAM3/src/orbslam3_ros2/src/stereo-inertial/stereo-inertial-node.hpp:4:10:[m[K [01;31m[Kfatal error: [m[Kslam-node-base.hpp: No such file or directory
    4 | #include [01;31m[K"slam-node-base.hpp"[m[K
      |          [01;31m[K^~~~~~~~~~~~~~~~~~~~[m[K
compilation terminated.
gmake[2]: *** [CMakeFiles/stereo-inertial.dir/build.make:76: CMakeFiles/stereo-inertial.dir/src/stereo-inertial/stereo-inertial.cpp.o] Error 1
gmake[1]: *** [CMakeFiles/Makefile2:221: CMakeFiles/stereo-inertial.dir/all] Error 2
In file included from [01m[K/home/peter-parker/orb-slam3-root/ROS2_ORB_SLAM3/src/orbslam3_ros2/src/stereo/stereo.cpp:7[m[K:
[01m[K/home/peter-parker/orb-slam3-root/ROS2_ORB_SLAM3/src/orbslam3_ros2/src/stereo/stereo-slam-node.hpp:3:10:[m[K [01;31m[Kfatal error: [m[Kslam-node-base.hpp: No such file or directory
    3 | #include [01;31m[K"slam-node-base.hpp"[m[K
      |          [01;31m[K^~~~~~~~~~~~~~~~~~~~[m[K
compilation terminated.
gmake[2]: *** [CMakeFiles/stereo.dir/build.make:76: CMakeFiles/stereo.dir/src/stereo/stereo.cpp.o] Error 1
gmake[1]: *** [CMakeFiles/Makefile2:195: CMakeFiles/stereo.dir/all] Error 2
gmake: *** [Makefile:146: all] Error 2
