[0.008s] Invoking command in '/home/peter-parker/orb-slam3-root/ROS2_ORB_SLAM3/src/orbslam3_ros2/build/orbslam3': CMAKE_PREFIX_PATH=${CMAKE_PREFIX_PATH}:/opt/ros/jazzy DEBUGINFOD_URLS=https://debuginfod.ubuntu.com /usr/bin/cmake --build /home/peter-parker/orb-slam3-root/ROS2_ORB_SLAM3/src/orbslam3_ros2/build/orbslam3 -- -j4 -l4
[0.071s] [  8%] [32mBuilding CXX object CMakeFiles/rgbd.dir/src/rgbd/rgbd.cpp.o[0m
[0.071s] [ 16%] [32mBuilding CXX object CMakeFiles/stereo.dir/src/stereo/stereo.cpp.o[0m
[0.087s] [ 50%] Built target mono
[0.087s] [ 50%] [32mBuilding CXX object CMakeFiles/stereo-inertial.dir/src/stereo-inertial/stereo-inertial.cpp.o[0m
[0.098s] [ 58%] [32mBuilding CXX object CMakeFiles/rgbd.dir/src/rgbd/rgbd-slam-node.cpp.o[0m
[0.107s] In file included from [01m[K/home/peter-parker/orb-slam3-root/ROS2_ORB_SLAM3/src/orbslam3_ros2/src/rgbd/rgbd-slam-node.cpp:1[m[K:
[0.107s] [01m[K/home/peter-parker/orb-slam3-root/ROS2_ORB_SLAM3/src/orbslam3_ros2/src/rgbd/rgbd-slam-node.hpp:4:10:[m[K [01;31m[Kfatal error: [m[Kslam-node-base.hpp: No such file or directory
[0.107s]     4 | #include [01;31m[K"slam-node-base.hpp"[m[K
[0.107s]       |          [01;31m[K^~~~~~~~~~~~~~~~~~~~[m[K
[0.108s] compilation terminated.
[0.112s] gmake[2]: *** [CMakeFiles/rgbd.dir/build.make:90: CMakeFiles/rgbd.dir/src/rgbd/rgbd-slam-node.cpp.o] Error 1
[0.112s] gmake[2]: *** Waiting for unfinished jobs....
[0.117s] [ 66%] [32mBuilding CXX object CMakeFiles/stereo-inertial.dir/src/stereo-inertial/stereo-inertial-node.cpp.o[0m
[0.128s] In file included from [01m[K/home/peter-parker/orb-slam3-root/ROS2_ORB_SLAM3/src/orbslam3_ros2/src/stereo-inertial/stereo-inertial-node.cpp:1[m[K:
[0.128s] [01m[K/home/peter-parker/orb-slam3-root/ROS2_ORB_SLAM3/src/orbslam3_ros2/src/stereo-inertial/stereo-inertial-node.hpp:4:10:[m[K [01;31m[Kfatal error: [m[Kslam-node-base.hpp: No such file or directory
[0.128s]     4 | #include [01;31m[K"slam-node-base.hpp"[m[K
[0.128s]       |          [01;31m[K^~~~~~~~~~~~~~~~~~~~[m[K
[0.129s] compilation terminated.
[0.129s] gmake[2]: *** [CMakeFiles/stereo-inertial.dir/build.make:90: CMakeFiles/stereo-inertial.dir/src/stereo-inertial/stereo-inertial-node.cpp.o] Error 1
[0.129s] gmake[2]: *** Waiting for unfinished jobs....
[0.139s] [ 75%] [32mBuilding CXX object CMakeFiles/stereo.dir/src/stereo/stereo-slam-node.cpp.o[0m
[0.149s] In file included from [01m[K/home/peter-parker/orb-slam3-root/ROS2_ORB_SLAM3/src/orbslam3_ros2/src/stereo/stereo-slam-node.cpp:1[m[K:
[0.150s] [01m[K/home/peter-parker/orb-slam3-root/ROS2_ORB_SLAM3/src/orbslam3_ros2/src/stereo/stereo-slam-node.hpp:3:10:[m[K [01;31m[Kfatal error: [m[Kslam-node-base.hpp: No such file or directory
[0.150s]     3 | #include [01;31m[K"slam-node-base.hpp"[m[K
[0.150s]       |          [01;31m[K^~~~~~~~~~~~~~~~~~~~[m[K
[0.150s] compilation terminated.
[0.151s] gmake[2]: *** [CMakeFiles/stereo.dir/build.make:90: CMakeFiles/stereo.dir/src/stereo/stereo-slam-node.cpp.o] Error 1
[0.151s] gmake[2]: *** Waiting for unfinished jobs....
[0.284s] In file included from [01m[K/home/peter-parker/orb-slam3-root/ROS2_ORB_SLAM3/src/orbslam3_ros2/src/rgbd/rgbd.cpp:7[m[K:
[0.284s] [01m[K/home/peter-parker/orb-slam3-root/ROS2_ORB_SLAM3/src/orbslam3_ros2/src/rgbd/rgbd-slam-node.hpp:4:10:[m[K [01;31m[Kfatal error: [m[Kslam-node-base.hpp: No such file or directory
[0.284s]     4 | #include [01;31m[K"slam-node-base.hpp"[m[K
[0.284s]       |          [01;31m[K^~~~~~~~~~~~~~~~~~~~[m[K
[0.284s] compilation terminated.
[0.290s] gmake[2]: *** [CMakeFiles/rgbd.dir/build.make:76: CMakeFiles/rgbd.dir/src/rgbd/rgbd.cpp.o] Error 1
[0.291s] gmake[1]: *** [CMakeFiles/Makefile2:169: CMakeFiles/rgbd.dir/all] Error 2
[0.291s] gmake[1]: *** Waiting for unfinished jobs....
[0.366s] In file included from [01m[K/home/peter-parker/orb-slam3-root/ROS2_ORB_SLAM3/src/orbslam3_ros2/src/stereo-inertial/stereo-inertial.cpp:7[m[K:
[0.366s] [01m[K/home/peter-parker/orb-slam3-root/ROS2_ORB_SLAM3/src/orbslam3_ros2/src/stereo-inertial/stereo-inertial-node.hpp:4:10:[m[K [01;31m[Kfatal error: [m[Kslam-node-base.hpp: No such file or directory
[0.366s]     4 | #include [01;31m[K"slam-node-base.hpp"[m[K
[0.366s]       |          [01;31m[K^~~~~~~~~~~~~~~~~~~~[m[K
[0.366s] compilation terminated.
[0.368s] gmake[2]: *** [CMakeFiles/stereo-inertial.dir/build.make:76: CMakeFiles/stereo-inertial.dir/src/stereo-inertial/stereo-inertial.cpp.o] Error 1
[0.368s] gmake[1]: *** [CMakeFiles/Makefile2:221: CMakeFiles/stereo-inertial.dir/all] Error 2
[0.371s] In file included from [01m[K/home/peter-parker/orb-slam3-root/ROS2_ORB_SLAM3/src/orbslam3_ros2/src/stereo/stereo.cpp:7[m[K:
[0.371s] [01m[K/home/peter-parker/orb-slam3-root/ROS2_ORB_SLAM3/src/orbslam3_ros2/src/stereo/stereo-slam-node.hpp:3:10:[m[K [01;31m[Kfatal error: [m[Kslam-node-base.hpp: No such file or directory
[0.371s]     3 | #include [01;31m[K"slam-node-base.hpp"[m[K
[0.371s]       |          [01;31m[K^~~~~~~~~~~~~~~~~~~~[m[K
[0.371s] compilation terminated.
[0.373s] gmake[2]: *** [CMakeFiles/stereo.dir/build.make:76: CMakeFiles/stereo.dir/src/stereo/stereo.cpp.o] Error 1
[0.373s] gmake[1]: *** [CMakeFiles/Makefile2:195: CMakeFiles/stereo.dir/all] Error 2
[0.373s] gmake: *** [Makefile:146: all] Error 2
[0.375s] Invoked command in '/home/peter-parker/orb-slam3-root/ROS2_ORB_SLAM3/src/orbslam3_ros2/build/orbslam3' returned '2': CMAKE_PREFIX_PATH=${CMAKE_PREFIX_PATH}:/opt/ros/jazzy DEBUGINFOD_URLS=https://debuginfod.ubuntu.com /usr/bin/cmake --build /home/peter-parker/orb-slam3-root/ROS2_ORB_SLAM3/src/orbslam3_ros2/build/orbslam3 -- -j4 -l4
